{"/Users/weijiexiang/code/vue/vue-jest/src/pages/Todolist.vue": {"path":"/Users/weijiexiang/code/vue/vue-jest/src/pages/Todolist.vue","statementMap":{"0":{"start":{"line":23,"column":0},"end":{"line":23,"column":null}},"1":{"start":{"line":24,"column":0},"end":{"line":24,"column":null}},"2":{"start":{"line":32,"column":0},"end":{"line":32,"column":null}},"3":{"start":{"line":39,"column":0},"end":{"line":39,"column":null}},"4":{"start":{"line":42,"column":0},"end":{"line":42,"column":null}},"5":{"start":{"line":44,"column":0},"end":{"line":44,"column":null}},"6":{"start":{"line":45,"column":0},"end":{"line":45,"column":null}},"7":{"start":{"line":47,"column":0},"end":{"line":47,"column":null}},"8":{"start":{"line":48,"column":0},"end":{"line":48,"column":null}},"9":{"start":{"line":50,"column":0},"end":{"line":50,"column":null}},"10":{"start":{"line":54,"column":0},"end":{"line":54,"column":null}},"11":{"start":{"line":55,"column":0},"end":{"line":55,"column":null}},"12":{"start":{"line":56,"column":0},"end":{"line":56,"column":null}},"13":{"start":{"line":59,"column":0},"end":{"line":59,"column":null}},"14":{"start":{"line":60,"column":0},"end":{"line":60,"column":null}},"15":{"start":{"line":64,"column":0},"end":{"line":64,"column":null}},"16":{"start":{"line":65,"column":0},"end":{"line":65,"column":null}},"17":{"start":{"line":66,"column":0},"end":{"line":66,"column":null}},"18":{"start":{"line":67,"column":0},"end":{"line":67,"column":null}},"19":{"start":{"line":68,"column":0},"end":{"line":68,"column":null}},"20":{"start":{"line":70,"column":0},"end":{"line":70,"column":null}},"21":{"start":{"line":71,"column":0},"end":{"line":71,"column":null}},"22":{"start":{"line":73,"column":0},"end":{"line":73,"column":null}}},"fnMap":{"0":{"name":"(anonymous_1)","decl":{"start":{"line":31,"column":0},"end":{"line":31,"column":null}},"loc":{"start":{"line":31,"column":0},"end":{"line":36,"column":null}}},"1":{"name":"(anonymous_2)","decl":{"start":{"line":38,"column":0},"end":{"line":38,"column":null}},"loc":{"start":{"line":38,"column":0},"end":{"line":40,"column":null}}},"2":{"name":"(anonymous_3)","decl":{"start":{"line":41,"column":0},"end":{"line":41,"column":null}},"loc":{"start":{"line":41,"column":0},"end":{"line":52,"column":null}}},"3":{"name":"(anonymous_4)","decl":{"start":{"line":53,"column":0},"end":{"line":53,"column":null}},"loc":{"start":{"line":53,"column":0},"end":{"line":57,"column":null}}},"4":{"name":"(anonymous_5)","decl":{"start":{"line":58,"column":0},"end":{"line":58,"column":null}},"loc":{"start":{"line":58,"column":0},"end":{"line":75,"column":null}}}},"branchMap":{"0":{"loc":{"start":{"line":43,"column":0},"end":{"line":45,"column":null}},"type":"switch","locations":[{"start":{"line":43,"column":0},"end":{"line":45,"column":null}},{"start":{"line":46,"column":0},"end":{"line":48,"column":null}},{"start":{"line":49,"column":0},"end":{"line":50,"column":null}}]},"1":{"loc":{"start":{"line":61,"column":0},"end":{"line":68,"column":null}},"type":"switch","locations":[{"start":{"line":61,"column":0},"end":{"line":68,"column":null}},{"start":{"line":69,"column":0},"end":{"line":71,"column":null}},{"start":{"line":72,"column":0},"end":{"line":73,"column":null}}]}},"s":{"0":1,"1":1,"2":10,"3":2,"4":4,"5":2,"6":2,"7":1,"8":1,"9":1,"10":1,"11":1,"12":1,"13":3,"14":3,"15":1,"16":1,"17":1,"18":1,"19":1,"20":1,"21":1,"22":1},"f":{"0":10,"1":2,"2":4,"3":1,"4":3},"b":{"0":[2,1,1],"1":[1,1,1]}}
}
