{"/Users/weijiexiang/code/vue/vue-jest/src/components/Todo_header.vue": {"path":"/Users/weijiexiang/code/vue/vue-jest/src/components/Todo_header.vue","statementMap":{"0":{"start":{"line":25,"column":0},"end":{"line":25,"column":null}},"1":{"start":{"line":26,"column":0},"end":{"line":26,"column":null}},"2":{"start":{"line":33,"column":0},"end":{"line":33,"column":null}},"3":{"start":{"line":41,"column":0},"end":{"line":41,"column":null}},"4":{"start":{"line":46,"column":0},"end":{"line":49,"column":null}},"5":{"start":{"line":47,"column":0},"end":{"line":47,"column":null}},"6":{"start":{"line":48,"column":0},"end":{"line":48,"column":null}}},"fnMap":{"0":{"name":"(anonymous_1)","decl":{"start":{"line":32,"column":0},"end":{"line":32,"column":null}},"loc":{"start":{"line":32,"column":0},"end":{"line":37,"column":null}}},"1":{"name":"(anonymous_2)","decl":{"start":{"line":41,"column":0},"end":{"line":41,"column":null}},"loc":{"start":{"line":41,"column":0},"end":{"line":41,"column":null}}},"2":{"name":"(anonymous_3)","decl":{"start":{"line":45,"column":0},"end":{"line":45,"column":null}},"loc":{"start":{"line":45,"column":0},"end":{"line":50,"column":null}}}},"branchMap":{"0":{"loc":{"start":{"line":46,"column":0},"end":{"line":49,"column":null}},"type":"if","locations":[{"start":{"line":46,"column":0},"end":{"line":49,"column":null}},{"start":{"line":46,"column":0},"end":{"line":49,"column":null}}]}},"s":{"0":2,"1":2,"2":19,"3":29,"4":3,"5":2,"6":2},"f":{"0":19,"1":29,"2":3},"b":{"0":[2,1]}}
}
