TN:
SF:/Users/weijiexiang/code/vue/vue-jest/babel.config.js
FNF:0
FNH:0
DA:1,0
LF:1
LH:0
BRF:0
BRH:0
end_of_record
TN:
SF:/Users/weijiexiang/code/vue/vue-jest/jest.config.js
FNF:0
FNH:0
DA:1,0
LF:1
LH:0
BRF:0
BRH:0
end_of_record
TN:
SF:/Users/weijiexiang/code/vue/vue-jest/src/App.vue
FNF:0
FNH:0
DA:8,0
LF:1
LH:0
BRF:0
BRH:0
end_of_record
TN:
SF:/Users/weijiexiang/code/vue/vue-jest/src/main.js
FN:7,(anonymous_0)
FNF:1
FNH:0
FNDA:0,(anonymous_0)
DA:4,0
DA:6,0
DA:7,0
LF:3
LH:0
BRF:0
BRH:0
end_of_record
TN:
SF:/Users/weijiexiang/code/vue/vue-jest/src/components/Todo_header.vue
FN:21,(anonymous_1)
FN:27,(anonymous_2)
FNF:2
FNH:2
FNDA:9,(anonymous_1)
FNDA:3,(anonymous_2)
DA:22,9
DA:28,3
DA:29,2
DA:30,2
LF:4
LH:4
BRDA:28,0,0,2
BRDA:28,0,1,1
BRF:2
BRH:2
end_of_record
TN:
SF:/Users/weijiexiang/code/vue/vue-jest/src/components/Todo_item.vue
FN:29,(anonymous_1)
FN:36,(anonymous_2)
FN:39,(anonymous_3)
FN:42,(anonymous_4)
FN:45,(anonymous_5)
FN:49,(anonymous_6)
FNF:6
FNH:5
FNDA:9,(anonymous_1)
FNDA:1,(anonymous_2)
FNDA:1,(anonymous_3)
FNDA:0,(anonymous_4)
FNDA:2,(anonymous_5)
FNDA:4,(anonymous_6)
DA:30,9
DA:37,1
DA:40,1
DA:46,2
DA:47,2
DA:50,4
LF:6
LH:6
BRF:0
BRH:0
end_of_record
TN:
SF:/Users/weijiexiang/code/vue/vue-jest/src/components/UndoList.vue
FN:32,(anonymous_1)
FN:37,(anonymous_2)
FN:40,(anonymous_3)
FN:44,(anonymous_4)
FN:50,(anonymous_5)
FNF:5
FNH:1
FNDA:0,(anonymous_1)
FNDA:0,(anonymous_2)
FNDA:0,(anonymous_3)
FNDA:8,(anonymous_4)
FNDA:0,(anonymous_5)
DA:19,2
DA:35,0
DA:38,0
DA:41,0
DA:45,8
DA:51,0
LF:6
LH:2
BRF:0
BRH:0
end_of_record
TN:
SF:/Users/weijiexiang/code/vue/vue-jest/src/pages/Todolist.vue
FN:31,(anonymous_1)
FN:38,(anonymous_2)
FN:41,(anonymous_3)
FN:55,(anonymous_4)
FN:60,(anonymous_5)
FNF:5
FNH:3
FNDA:3,(anonymous_1)
FNDA:2,(anonymous_2)
FNDA:1,(anonymous_3)
FNDA:0,(anonymous_4)
FNDA:0,(anonymous_5)
DA:23,1
DA:24,1
DA:32,3
DA:39,2
DA:42,1
DA:44,1
DA:45,1
DA:47,0
DA:48,0
DA:50,0
DA:53,1
DA:56,0
DA:57,0
DA:58,0
DA:61,0
DA:62,0
DA:66,0
DA:67,0
DA:68,0
DA:69,0
DA:71,0
DA:72,0
DA:74,0
DA:77,0
LF:24
LH:8
BRDA:43,0,0,1
BRDA:43,0,1,0
BRDA:43,0,2,0
BRDA:63,1,0,0
BRDA:63,1,1,0
BRDA:63,1,2,0
BRF:6
BRH:1
end_of_record
TN:
SF:/Users/weijiexiang/code/vue/vue-jest/src/utils/testUtils.js
FN:1,(anonymous_0)
FN:5,(anonymous_1)
FN:9,(anonymous_2)
FN:13,(anonymous_3)
FNF:4
FNH:3
FNDA:3,(anonymous_0)
FNDA:2,(anonymous_1)
FNDA:0,(anonymous_2)
FNDA:2,(anonymous_3)
DA:1,3
DA:2,3
DA:5,3
DA:6,2
DA:9,3
DA:10,0
DA:13,3
DA:14,2
LF:8
LH:7
BRF:0
BRH:0
end_of_record
