TN:
SF:/Users/weijiexiang/code/vue/vue-jest/src/pages/Todolist.vue
FN:31,(anonymous_1)
FN:38,(anonymous_2)
FN:41,(anonymous_3)
FN:53,(anonymous_4)
FN:58,(anonymous_5)
FNF:5
FNH:5
FNDA:10,(anonymous_1)
FNDA:2,(anonymous_2)
FNDA:4,(anonymous_3)
FNDA:1,(anonymous_4)
FNDA:3,(anonymous_5)
DA:23,1
DA:24,1
DA:32,10
DA:39,2
DA:42,4
DA:44,2
DA:45,2
DA:47,1
DA:48,1
DA:50,1
DA:54,1
DA:55,1
DA:56,1
DA:59,3
DA:60,3
DA:64,1
DA:65,1
DA:66,1
DA:67,1
DA:68,1
DA:70,1
DA:71,1
DA:73,1
LF:23
LH:23
BRDA:43,0,0,2
BRDA:43,0,1,1
BRDA:43,0,2,1
BRDA:61,1,0,1
BRDA:61,1,1,1
BRDA:61,1,2,1
BRF:6
BRH:6
end_of_record
